<?xml version="1.0" encoding="UTF-8"?>
<!-- Generated by org.testng.reporters.JUnitXMLReporter -->
<testsuite hostname="DESKTOP-FSJF2OQ" ignored="1" name="home" tests="4" failures="0" timestamp="2021-08-30T18:07:12 IST" time="47.871" errors="0">
  <testcase name="demo1" time="30.207" classname="test.Day1"/>
  <testcase name="demo4" time="4.555" classname="test.Day1"/>
  <testcase name="demo4" time="4.305" classname="test.Day1"/>
  <testcase name="demo4" time="8.702" classname="test.Day1"/>
  <testcase name="demo" time="0.0" classname="test.Day1">
    <ignored/>
  </testcase> <!-- demo -->
</testsuite> <!-- home -->
