<?xml version="1.0" encoding="UTF-8"?>
<testng-results skipped="0" failed="0" ignored="2" total="7" passed="5">
  <reporter-output>
  </reporter-output>
  <suite name="Suite1" duration-ms="51926" started-at="2021-08-30T18:06:24 IST" finished-at="2021-08-30T18:07:16 IST">
    <groups>
      <group name="Regression">
        <method signature="Day1.demo1(java.lang.String)[pri:0, instance:test.Day1@7e0b0338]" name="demo1" class="test.Day1"/>
        <method signature="Day1.demo4(java.lang.String,java.lang.String)[pri:0, instance:test.Day1@7e0b0338]" name="demo4" class="test.Day1"/>
        <method signature="Day2.demo3(java.lang.String)[pri:0, instance:test.Day2@7fac631b]" name="demo3" class="test.Day2"/>
      </group> <!-- Regression -->
    </groups>
    <test name="home" duration-ms="47871" started-at="2021-08-30T18:06:24 IST" finished-at="2021-08-30T18:07:12 IST">
      <class name="test.Day1">
        <test-method status="PASS" signature="demo1(java.lang.String)[pri:0, instance:test.Day1@7e0b0338]" name="demo1" duration-ms="30207" started-at="2021-08-30T18:06:24 IST" finished-at="2021-08-30T18:06:54 IST">
          <params>
            <param index="0">
              <value>
                <![CDATA[herain]]>
              </value>
            </param>
          </params>
          <reporter-output>
          </reporter-output>
        </test-method> <!-- demo1 -->
        <test-method status="PASS" signature="demo4(java.lang.String,java.lang.String)[pri:0, instance:test.Day1@7e0b0338]" name="demo4" duration-ms="4555" started-at="2021-08-30T18:06:54 IST" data-provider="hello" finished-at="2021-08-30T18:06:59 IST">
          <params>
            <param index="0">
              <value>
                <![CDATA[U1]]>
              </value>
            </param>
            <param index="1">
              <value>
                <![CDATA[P1]]>
              </value>
            </param>
          </params>
          <reporter-output>
          </reporter-output>
        </test-method> <!-- demo4 -->
        <test-method status="PASS" signature="demo4(java.lang.String,java.lang.String)[pri:0, instance:test.Day1@7e0b0338]" name="demo4" duration-ms="4305" started-at="2021-08-30T18:06:59 IST" data-provider="hello" finished-at="2021-08-30T18:07:03 IST">
          <params>
            <param index="0">
              <value>
                <![CDATA[U2]]>
              </value>
            </param>
            <param index="1">
              <value>
                <![CDATA[P2]]>
              </value>
            </param>
          </params>
          <reporter-output>
          </reporter-output>
        </test-method> <!-- demo4 -->
        <test-method status="PASS" signature="demo4(java.lang.String,java.lang.String)[pri:0, instance:test.Day1@7e0b0338]" name="demo4" duration-ms="8702" started-at="2021-08-30T18:07:03 IST" data-provider="hello" finished-at="2021-08-30T18:07:12 IST">
          <params>
            <param index="0">
              <value>
                <![CDATA[U3]]>
              </value>
            </param>
            <param index="1">
              <value>
                <![CDATA[P3]]>
              </value>
            </param>
          </params>
          <reporter-output>
          </reporter-output>
        </test-method> <!-- demo4 -->
      </class> <!-- test.Day1 -->
    </test> <!-- home -->
    <test name="office" duration-ms="4017" started-at="2021-08-30T18:07:12 IST" finished-at="2021-08-30T18:07:16 IST">
      <class name="test.Day2">
        <test-method status="PASS" signature="demo3(java.lang.String)[pri:0, instance:test.Day2@7fac631b]" name="demo3" duration-ms="4016" started-at="2021-08-30T18:07:12 IST" finished-at="2021-08-30T18:07:16 IST">
          <params>
            <param index="0">
              <value>
                <![CDATA[himanshu]]>
              </value>
            </param>
          </params>
          <reporter-output>
          </reporter-output>
        </test-method> <!-- demo3 -->
      </class> <!-- test.Day2 -->
    </test> <!-- office -->
  </suite> <!-- Suite1 -->
</testng-results>
